<?xml version="1.0" encoding="UTF-8"?>
<!-- Generated by org.testng.reporters.JUnitReportReporter -->
<testsuite hostname="MacBook-Air-Sergei.local" failures="0" tests="1" name="Main.All_Tests" time="0.018" errors="0" timestamp="2022-10-29T08:23:20 AST" skipped="0">
  <testcase classname="Main.All_Tests" name="Mail_Notifications" time="0.018"/>
  <system-out/>
</testsuite> <!-- Main.All_Tests -->
